Analysis & Elaboration report for w5500_altera_top
Tue Nov 22 23:44:50 2022
Quartus Prime Version 18.1.0 Build 625 09/12/2018 SJ Standard Edition


---------------------
; Table of Contents ;
---------------------
  1. Legal Notice
  2. Analysis & Elaboration Summary
  3. Parallel Compilation
  4. Parameter Settings for User Entity Instance: Top-level Entity: |spi_drv
  5. Analysis & Elaboration Settings
  6. Analysis & Elaboration Messages



----------------
; Legal Notice ;
----------------
Copyright (C) 2018  Intel Corporation. All rights reserved.
Your use of Intel Corporation's design tools, logic functions 
and other software and tools, and its AMPP partner logic 
functions, and any output files from any of the foregoing 
(including device programming or simulation files), and any 
associated documentation or information are expressly subject 
to the terms and conditions of the Intel Program License 
Subscription Agreement, the Intel Quartus Prime License Agreement,
the Intel FPGA IP License Agreement, or other applicable license
agreement, including, without limitation, that your use is for
the sole purpose of programming logic devices manufactured by
Intel and sold by Intel or its authorized distributors.  Please
refer to the applicable agreement for further details.



+--------------------------------------------------------------------------------------+
; Analysis & Elaboration Summary                                                       ;
+------------------------------------+-------------------------------------------------+
; Analysis & Elaboration Status      ; Successful - Tue Nov 22 23:44:50 2022           ;
; Quartus Prime Version              ; 18.1.0 Build 625 09/12/2018 SJ Standard Edition ;
; Revision Name                      ; w5500_altera_top                                ;
; Top-level Entity Name              ; spi_drv                                         ;
; Family                             ; Cyclone IV E                                    ;
; Total logic elements               ; N/A until Partition Merge                       ;
;     Total combinational functions  ; N/A until Partition Merge                       ;
;     Dedicated logic registers      ; N/A until Partition Merge                       ;
; Total registers                    ; N/A until Partition Merge                       ;
; Total pins                         ; N/A until Partition Merge                       ;
; Total virtual pins                 ; N/A until Partition Merge                       ;
; Total memory bits                  ; N/A until Partition Merge                       ;
; Embedded Multiplier 9-bit elements ; N/A until Partition Merge                       ;
; Total PLLs                         ; N/A until Partition Merge                       ;
+------------------------------------+-------------------------------------------------+


+------------------------------------------+
; Parallel Compilation                     ;
+----------------------------+-------------+
; Processors                 ; Number      ;
+----------------------------+-------------+
; Number detected on machine ; 4           ;
; Maximum allowed            ; 2           ;
;                            ;             ;
; Average used               ; 1.00        ;
; Maximum used               ; 1           ;
;                            ;             ;
; Usage by Processor         ; % Time Used ;
;     Processor 1            ; 100.0%      ;
+----------------------------+-------------+


+-------------------------------------------------------------------------+
; Parameter Settings for User Entity Instance: Top-level Entity: |spi_drv ;
+----------------+-------+------------------------------------------------+
; Parameter Name ; Value ; Type                                           ;
+----------------+-------+------------------------------------------------+
; IDLE           ; 0000  ; Unsigned Binary                                ;
; PRE            ; 0001  ; Unsigned Binary                                ;
; WR_ADR         ; 0010  ; Unsigned Binary                                ;
; WR_CMD         ; 0011  ; Unsigned Binary                                ;
; WR_DAT         ; 0100  ; Unsigned Binary                                ;
; END1           ; 0101  ; Unsigned Binary                                ;
; END2           ; 0110  ; Unsigned Binary                                ;
+----------------+-------+------------------------------------------------+
Note: In order to hide this table in the UI and the text report file, please set the "Show Parameter Settings in Synthesis Report" option in "Analysis and Synthesis Settings -> More Settings" to "Off".


+------------------------------------------------------------------------------------------------------------+
; Analysis & Elaboration Settings                                                                            ;
+------------------------------------------------------------------+--------------------+--------------------+
; Option                                                           ; Setting            ; Default Value      ;
+------------------------------------------------------------------+--------------------+--------------------+
; Top-level entity name                                            ; spi_drv            ; w5500_altera_top   ;
; Family name                                                      ; Cyclone IV E       ; Cyclone V          ;
; Use smart compilation                                            ; Off                ; Off                ;
; Enable parallel Assembler and Timing Analyzer during compilation ; On                 ; On                 ;
; Enable compact report table                                      ; Off                ; Off                ;
; Restructure Multiplexers                                         ; Auto               ; Auto               ;
; Create Debugging Nodes for IP Cores                              ; Off                ; Off                ;
; Preserve fewer node names                                        ; On                 ; On                 ;
; Intel FPGA IP Evaluation Mode                                    ; Enable             ; Enable             ;
; Verilog Version                                                  ; Verilog_2001       ; Verilog_2001       ;
; VHDL Version                                                     ; VHDL_1993          ; VHDL_1993          ;
; State Machine Processing                                         ; Auto               ; Auto               ;
; Safe State Machine                                               ; Off                ; Off                ;
; Extract Verilog State Machines                                   ; On                 ; On                 ;
; Extract VHDL State Machines                                      ; On                 ; On                 ;
; Ignore Verilog initial constructs                                ; Off                ; Off                ;
; Iteration limit for constant Verilog loops                       ; 5000               ; 5000               ;
; Iteration limit for non-constant Verilog loops                   ; 250                ; 250                ;
; Add Pass-Through Logic to Inferred RAMs                          ; On                 ; On                 ;
; Infer RAMs from Raw Logic                                        ; On                 ; On                 ;
; Parallel Synthesis                                               ; On                 ; On                 ;
; DSP Block Balancing                                              ; Auto               ; Auto               ;
; NOT Gate Push-Back                                               ; On                 ; On                 ;
; Power-Up Don't Care                                              ; On                 ; On                 ;
; Remove Redundant Logic Cells                                     ; Off                ; Off                ;
; Remove Duplicate Registers                                       ; On                 ; On                 ;
; Ignore CARRY Buffers                                             ; Off                ; Off                ;
; Ignore CASCADE Buffers                                           ; Off                ; Off                ;
; Ignore GLOBAL Buffers                                            ; Off                ; Off                ;
; Ignore ROW GLOBAL Buffers                                        ; Off                ; Off                ;
; Ignore LCELL Buffers                                             ; Off                ; Off                ;
; Ignore SOFT Buffers                                              ; On                 ; On                 ;
; Limit AHDL Integers to 32 Bits                                   ; Off                ; Off                ;
; Optimization Technique                                           ; Balanced           ; Balanced           ;
; Carry Chain Length                                               ; 70                 ; 70                 ;
; Auto Carry Chains                                                ; On                 ; On                 ;
; Auto Open-Drain Pins                                             ; On                 ; On                 ;
; Perform WYSIWYG Primitive Resynthesis                            ; Off                ; Off                ;
; Auto ROM Replacement                                             ; On                 ; On                 ;
; Auto RAM Replacement                                             ; On                 ; On                 ;
; Auto DSP Block Replacement                                       ; On                 ; On                 ;
; Auto Shift Register Replacement                                  ; Auto               ; Auto               ;
; Allow Shift Register Merging across Hierarchies                  ; Auto               ; Auto               ;
; Auto Clock Enable Replacement                                    ; On                 ; On                 ;
; Strict RAM Replacement                                           ; Off                ; Off                ;
; Allow Synchronous Control Signals                                ; On                 ; On                 ;
; Force Use of Synchronous Clear Signals                           ; Off                ; Off                ;
; Auto RAM Block Balancing                                         ; On                 ; On                 ;
; Auto RAM to Logic Cell Conversion                                ; Off                ; Off                ;
; Auto Resource Sharing                                            ; Off                ; Off                ;
; Allow Any RAM Size For Recognition                               ; Off                ; Off                ;
; Allow Any ROM Size For Recognition                               ; Off                ; Off                ;
; Allow Any Shift Register Size For Recognition                    ; Off                ; Off                ;
; Use LogicLock Constraints during Resource Balancing              ; On                 ; On                 ;
; Ignore translate_off and synthesis_off directives                ; Off                ; Off                ;
; Timing-Driven Synthesis                                          ; On                 ; On                 ;
; Report Parameter Settings                                        ; On                 ; On                 ;
; Report Source Assignments                                        ; On                 ; On                 ;
; Report Connectivity Checks                                       ; On                 ; On                 ;
; Ignore Maximum Fan-Out Assignments                               ; Off                ; Off                ;
; Synchronization Register Chain Length                            ; 2                  ; 2                  ;
; Power Optimization During Synthesis                              ; Normal compilation ; Normal compilation ;
; HDL message level                                                ; Level2             ; Level2             ;
; Suppress Register Optimization Related Messages                  ; Off                ; Off                ;
; Number of Removed Registers Reported in Synthesis Report         ; 5000               ; 5000               ;
; Number of Swept Nodes Reported in Synthesis Report               ; 5000               ; 5000               ;
; Number of Inverted Registers Reported in Synthesis Report        ; 100                ; 100                ;
; Clock MUX Protection                                             ; On                 ; On                 ;
; Auto Gated Clock Conversion                                      ; Off                ; Off                ;
; Block Design Naming                                              ; Auto               ; Auto               ;
; SDC constraint protection                                        ; Off                ; Off                ;
; Synthesis Effort                                                 ; Auto               ; Auto               ;
; Shift Register Replacement - Allow Asynchronous Clear Signal     ; On                 ; On                 ;
; Pre-Mapping Resynthesis Optimization                             ; Off                ; Off                ;
; Analysis & Synthesis Message Level                               ; Medium             ; Medium             ;
; Disable Register Merging Across Hierarchies                      ; Auto               ; Auto               ;
; Resource Aware Inference For Block RAM                           ; On                 ; On                 ;
+------------------------------------------------------------------+--------------------+--------------------+


+---------------------------------+
; Analysis & Elaboration Messages ;
+---------------------------------+
Info: *******************************************************************
Info: Running Quartus Prime Analysis & Elaboration
    Info: Version 18.1.0 Build 625 09/12/2018 SJ Standard Edition
    Info: Processing started: Tue Nov 22 23:44:21 2022
Info: Command: quartus_map --read_settings_files=on --write_settings_files=off w5500_altera_top -c w5500_altera_top --analysis_and_elaboration
Warning (18236): Number of processors has not been specified which may cause overloading on shared machines.  Set the global assignment NUM_PARALLEL_PROCESSORS in your QSF to an appropriate value for best performance.
Info (20030): Parallel compilation is enabled and will use 2 of the 2 processors detected
Info (12021): Found 1 design units, including 1 entities, in source file /xiangmu/w5500/w5500_altera_top/hdl/spi_drv.v
    Info (12023): Found entity 1: spi_drv File: F:/xiangmu/w5500/w5500_altera_top/hdl/spi_drv.v Line: 1
Info (12127): Elaborating entity "spi_drv" for the top level hierarchy
Warning (10036): Verilog HDL or VHDL warning at spi_drv.v(32): object "dat_req" assigned a value but never read File: F:/xiangmu/w5500/w5500_altera_top/hdl/spi_drv.v Line: 32
Warning (10036): Verilog HDL or VHDL warning at spi_drv.v(34): object "sck" assigned a value but never read File: F:/xiangmu/w5500/w5500_altera_top/hdl/spi_drv.v Line: 34
Warning (10230): Verilog HDL assignment warning at spi_drv.v(93): truncated value with size 32 to match size of target (2) File: F:/xiangmu/w5500/w5500_altera_top/hdl/spi_drv.v Line: 93
Info (10264): Verilog HDL Case Statement information at spi_drv.v(91): all case item expressions in this case statement are onehot File: F:/xiangmu/w5500/w5500_altera_top/hdl/spi_drv.v Line: 91
Warning (10230): Verilog HDL assignment warning at spi_drv.v(103): truncated value with size 32 to match size of target (3) File: F:/xiangmu/w5500/w5500_altera_top/hdl/spi_drv.v Line: 103
Info (10264): Verilog HDL Case Statement information at spi_drv.v(100): all case item expressions in this case statement are onehot File: F:/xiangmu/w5500/w5500_altera_top/hdl/spi_drv.v Line: 100
Warning (10230): Verilog HDL assignment warning at spi_drv.v(115): truncated value with size 32 to match size of target (16) File: F:/xiangmu/w5500/w5500_altera_top/hdl/spi_drv.v Line: 115
Info (10264): Verilog HDL Case Statement information at spi_drv.v(112): all case item expressions in this case statement are onehot File: F:/xiangmu/w5500/w5500_altera_top/hdl/spi_drv.v Line: 112
Info (10264): Verilog HDL Case Statement information at spi_drv.v(125): all case item expressions in this case statement are onehot File: F:/xiangmu/w5500/w5500_altera_top/hdl/spi_drv.v Line: 125
Warning (10027): Verilog HDL or VHDL warning at the spi_drv.v(157): index expression is not wide enough to address all of the elements in the array File: F:/xiangmu/w5500/w5500_altera_top/hdl/spi_drv.v Line: 157
Info (10264): Verilog HDL Case Statement information at spi_drv.v(148): all case item expressions in this case statement are onehot File: F:/xiangmu/w5500/w5500_altera_top/hdl/spi_drv.v Line: 148
Info (10264): Verilog HDL Case Statement information at spi_drv.v(179): all case item expressions in this case statement are onehot File: F:/xiangmu/w5500/w5500_altera_top/hdl/spi_drv.v Line: 179
Warning (10034): Output port "o_dat" at spi_drv.v(10) has no driver File: F:/xiangmu/w5500/w5500_altera_top/hdl/spi_drv.v Line: 10
Warning (10034): Output port "o_dat_vld" at spi_drv.v(9) has no driver File: F:/xiangmu/w5500/w5500_altera_top/hdl/spi_drv.v Line: 9
Warning (10034): Output port "o_dat_req" at spi_drv.v(11) has no driver File: F:/xiangmu/w5500/w5500_altera_top/hdl/spi_drv.v Line: 11
Warning (10034): Output port "o_spi_cs" at spi_drv.v(14) has no driver File: F:/xiangmu/w5500/w5500_altera_top/hdl/spi_drv.v Line: 14
Warning (10034): Output port "o_spi_sck" at spi_drv.v(15) has no driver File: F:/xiangmu/w5500/w5500_altera_top/hdl/spi_drv.v Line: 15
Warning (10034): Output port "o_spi_mosi" at spi_drv.v(17) has no driver File: F:/xiangmu/w5500/w5500_altera_top/hdl/spi_drv.v Line: 17
Info: Quartus Prime Analysis & Elaboration was successful. 0 errors, 13 warnings
    Info: Peak virtual memory: 563 megabytes
    Info: Processing ended: Tue Nov 22 23:44:50 2022
    Info: Elapsed time: 00:00:29
    Info: Total CPU time (on all processors): 00:00:50


